Base path: 'D:/Programmi/2019.4.11f1/Editor/Data', plugins path 'D:/Programmi/2019.4.11f1/Editor/Data/PlaybackEngines'
Cmd: initializeCompiler
Cmd: initializeCompiler
Cmd: compileComputeKernel
  api=4 insize=18785 outsize=8738 ok=1
Cmd: compileComputeKernel
  api=4 insize=18785 outsize=8523 ok=1
Cmd: compileComputeKernel
  api=4 insize=18785 outsize=10507 ok=1
Cmd: compileComputeKernel
  api=4 insize=1280 outsize=772 ok=1
Cmd: compileComputeKernel
  api=4 insize=5194 outsize=5412 ok=1
Cmd: compileComputeKernel
  api=4 insize=11230 outsize=9840 ok=1
Cmd: compileComputeKernel
  api=4 insize=2174 outsize=1000 ok=1
Cmd: compileComputeKernel
  api=4 insize=3348 outsize=375 ok=1
Cmd: compileSnippet
  api=4 type=0 insize=12103 outsize=538 kw=FINALPASS COLOR_GRADING_HDR_3D pd=UNITY_ENABLE_REFLECTION_BUFFERS UNITY_USE_DITHER_MASK_FOR_ALPHABLENDED_SHADOWS UNITY_PBS_USE_BRDF1 UNITY_SPECCUBE_BOX_PROJECTION UNITY_SPECCUBE_BLENDING UNITY_ENABLE_DETAIL_NORMALMAP SHADER_API_DESKTOP UNITY_LIGHT_PROBE_PROXY_VOLUME UNITY_LIGHTMAP_FULL_HDR ok=1
Cmd: compileSnippet
  api=4 type=1 insize=12103 outsize=2134 kw=GRAIN FINALPASS COLOR_GRADING_HDR_3D pd=UNITY_ENABLE_REFLECTION_BUFFERS UNITY_USE_DITHER_MASK_FOR_ALPHABLENDED_SHADOWS UNITY_PBS_USE_BRDF1 UNITY_SPECCUBE_BOX_PROJECTION UNITY_SPECCUBE_BLENDING UNITY_ENABLE_DETAIL_NORMALMAP SHADER_API_DESKTOP UNITY_LIGHT_PROBE_PROXY_VOLUME UNITY_LIGHTMAP_FULL_HDR ok=1
Cmd: compileSnippet
  api=4 type=0 insize=12103 outsize=538 kw=VIGNETTE FINALPASS COLOR_GRADING_HDR_3D pd=UNITY_ENABLE_REFLECTION_BUFFERS UNITY_USE_DITHER_MASK_FOR_ALPHABLENDED_SHADOWS UNITY_PBS_USE_BRDF1 UNITY_SPECCUBE_BOX_PROJECTION UNITY_SPECCUBE_BLENDING UNITY_ENABLE_DETAIL_NORMALMAP SHADER_API_DESKTOP UNITY_LIGHT_PROBE_PROXY_VOLUME UNITY_LIGHTMAP_FULL_HDR ok=1
